time="2022-11-16T11:06:57+03:00" level=info msg="create router" func="main.main()" file="app.go:19"
time="2022-11-16T11:06:57+03:00" level=info msg="read application configuration" func="rest-api/internal/config.GetConfig.func1()" file="config.go:24"
time="2022-11-16T11:06:57+03:00" level=info msg="register user handler" func="main.main()" file="app.go:24"
time="2022-11-16T11:06:57+03:00" level=info msg="start application" func="main.start()" file="app.go:33"
time="2022-11-16T11:06:57+03:00" level=info msg="detected app path" func="main.start()" file="app.go:39"
time="2022-11-16T11:06:57+03:00" level=info msg="create socket" func="main.start()" file="app.go:44"
time="2022-11-16T11:06:57+03:00" level=info msg="listen unix socket" func="main.start()" file="app.go:47"
time="2022-11-16T11:06:57+03:00" level=info msg="server is listening unix socket: C:\\Users\\davidovmd\\AppData\\Local\\Temp\\GoLand/app.sock" func="main.start()" file="app.go:49"
time="2022-11-16T11:06:57+03:00" level=fatal msg="listen unix C:\\Users\\davidovmd\\AppData\\Local\\Temp\\GoLand/app.sock: socket: An address incompatible with the requested protocol was used." func="main.start()" file="app.go:59"
time="2022-11-16T11:07:31+03:00" level=info msg="create router" func="main.main()" file="app.go:19"
time="2022-11-16T11:07:31+03:00" level=info msg="read application configuration" func="rest-api/internal/config.GetConfig.func1()" file="config.go:24"
time="2022-11-16T11:07:31+03:00" level=info msg="register user handler" func="main.main()" file="app.go:24"
time="2022-11-16T11:07:31+03:00" level=info msg="start application" func="main.start()" file="app.go:33"
time="2022-11-16T11:07:31+03:00" level=info msg="listen tcp" func="main.start()" file="app.go:52"
time="2022-11-16T11:07:31+03:00" level=info msg="server is listening port 0.0.0.0:10000" func="main.start()" file="app.go:54"
time="2022-11-16T11:12:28+03:00" level=info msg="create router" func="main.main()" file="app.go:19"
time="2022-11-16T11:12:28+03:00" level=info msg="read application configuration" func="rest-api/internal/config.GetConfig.func1()" file="config.go:24"
time="2022-11-16T11:12:28+03:00" level=info msg="register user handler" func="main.main()" file="app.go:24"
time="2022-11-16T11:12:28+03:00" level=info msg="start application" func="main.start()" file="app.go:33"
time="2022-11-16T11:12:28+03:00" level=info msg="listen tcp" func="main.start()" file="app.go:52"
time="2022-11-16T11:12:28+03:00" level=info msg="server is listening port 0.0.0.0:10000" func="main.start()" file="app.go:54"
time="2022-11-16T11:35:55+03:00" level=info msg="create router" func="main.main()" file="app.go:19"
time="2022-11-16T11:35:55+03:00" level=info msg="read application configuration" func="rest-api/internal/config.GetConfig.func1()" file="config.go:24"
time="2022-11-16T11:35:55+03:00" level=info msg="register user handler" func="main.main()" file="app.go:24"
time="2022-11-16T11:35:55+03:00" level=info msg="start application" func="main.start()" file="app.go:33"
time="2022-11-16T11:35:55+03:00" level=info msg="listen tcp" func="main.start()" file="app.go:52"
time="2022-11-16T11:35:55+03:00" level=info msg="server is listening port 0.0.0.0:10000" func="main.start()" file="app.go:54"
time="2022-11-16T15:46:25+03:00" level=info msg="create router" func="main.main()" file="app.go:19"
time="2022-11-16T15:46:25+03:00" level=info msg="read application configuration" func="rest-api/internal/config.GetConfig.func1()" file="config.go:24"
time="2022-11-16T15:46:25+03:00" level=info msg="register user handler" func="main.main()" file="app.go:24"
time="2022-11-16T15:46:25+03:00" level=info msg="start application" func="main.start()" file="app.go:33"
time="2022-11-16T15:46:25+03:00" level=info msg="listen tcp" func="main.start()" file="app.go:52"
time="2022-11-16T15:46:25+03:00" level=info msg="server is listening port 0.0.0.0:10000" func="main.start()" file="app.go:54"
